<?xml version="1.0" encoding="UTF-8"?>
<testsuite xmlns:xsi="http://www.w3.org/2001/XMLSchema-instance" xsi:noNamespaceSchemaLocation="https://maven.apache.org/surefire/maven-surefire-plugin/xsd/surefire-test-report.xsd" name="untref.dysac.fibo.EjecutableTest" time="0.185" tests="5" errors="0" skipped="0" failures="0">
  <properties>
    <property name="java.specification.version" value="20"/>
    <property name="sun.cpu.isalist" value="amd64"/>
    <property name="sun.jnu.encoding" value="Cp1252"/>
    <property name="java.class.path" value="C:\Java\dyasc-2023\fibo\target\test-classes;C:\Java\dyasc-2023\fibo\target\classes;C:\Users\ri_an\.m2\repository\junit\junit\4.12\junit-4.12.jar;C:\Users\ri_an\.m2\repository\org\hamcrest\hamcrest-core\1.3\hamcrest-core-1.3.jar;"/>
    <property name="java.vm.vendor" value="Oracle Corporation"/>
    <property name="sun.arch.data.model" value="64"/>
    <property name="user.variant" value=""/>
    <property name="java.vendor.url" value="https://java.oracle.com/"/>
    <property name="user.timezone" value="America/Buenos_Aires"/>
    <property name="os.name" value="Windows 10"/>
    <property name="java.vm.specification.version" value="20"/>
    <property name="sun.java.launcher" value="SUN_STANDARD"/>
    <property name="user.country" value="AR"/>
    <property name="sun.boot.library.path" value="C:\Program Files\Java\jdk-20\bin"/>
    <property name="sun.java.command" value="C:\Users\ri_an\AppData\Local\Temp\surefire4883606304581697044\surefirebooter1752862154011832171.jar C:\Users\ri_an\AppData\Local\Temp\surefire4883606304581697044 2023-09-04T20-20-58_744-jvmRun1 surefire4418509128837929129tmp surefire_012992530934407441907tmp"/>
    <property name="jdk.debug" value="release"/>
    <property name="surefire.test.class.path" value="C:\Java\dyasc-2023\fibo\target\test-classes;C:\Java\dyasc-2023\fibo\target\classes;C:\Users\ri_an\.m2\repository\junit\junit\4.12\junit-4.12.jar;C:\Users\ri_an\.m2\repository\org\hamcrest\hamcrest-core\1.3\hamcrest-core-1.3.jar;"/>
    <property name="sun.cpu.endian" value="little"/>
    <property name="user.home" value="C:\Users\ri_an"/>
    <property name="user.language" value="es"/>
    <property name="java.specification.vendor" value="Oracle Corporation"/>
    <property name="java.version.date" value="2023-07-18"/>
    <property name="java.home" value="C:\Program Files\Java\jdk-20"/>
    <property name="file.separator" value="\"/>
    <property name="basedir" value="C:\Java\dyasc-2023\fibo"/>
    <property name="java.vm.compressedOopsMode" value="32-bit"/>
    <property name="line.separator" value="&#10;"/>
    <property name="java.vm.specification.vendor" value="Oracle Corporation"/>
    <property name="java.specification.name" value="Java Platform API Specification"/>
    <property name="surefire.real.class.path" value="C:\Users\ri_an\AppData\Local\Temp\surefire4883606304581697044\surefirebooter1752862154011832171.jar"/>
    <property name="user.script" value=""/>
    <property name="sun.management.compiler" value="HotSpot 64-Bit Tiered Compilers"/>
    <property name="java.runtime.version" value="20.0.2+9-78"/>
    <property name="user.name" value="ri_an"/>
    <property name="stdout.encoding" value="Cp1252"/>
    <property name="path.separator" value=";"/>
    <property name="os.version" value="10.0"/>
    <property name="java.runtime.name" value="Java(TM) SE Runtime Environment"/>
    <property name="file.encoding" value="UTF-8"/>
    <property name="java.vm.name" value="Java HotSpot(TM) 64-Bit Server VM"/>
    <property name="localRepository" value="C:\Users\ri_an\.m2\repository"/>
    <property name="java.vendor.url.bug" value="https://bugreport.java.com/bugreport/"/>
    <property name="java.io.tmpdir" value="C:\Users\ri_an\AppData\Local\Temp\"/>
    <property name="java.version" value="20.0.2"/>
    <property name="user.dir" value="C:\Java\dyasc-2023\fibo"/>
    <property name="os.arch" value="amd64"/>
    <property name="java.vm.specification.name" value="Java Virtual Machine Specification"/>
    <property name="sun.os.patch.level" value=""/>
    <property name="native.encoding" value="Cp1252"/>
    <property name="java.library.path" value="C:\Program Files\Java\jdk-20\bin;C:\Windows\Sun\Java\bin;C:\Windows\system32;C:\Windows;C:\Program Files\Python312\Scripts\;C:\Program Files\Python312\;C:\Windows\system32;C:\Windows;C:\Windows\System32\Wbem;C:\Windows\System32\WindowsPowerShell\v1.0\;C:\Windows\System32\OpenSSH\;C:\Program Files (x86)\Microchip\xc8\v1.34\bin;C:\Program Files\Git\cmd;C:\Users\ri_an\AppData\Roaming\nvmC:\Program Files\nodejs;C:\Program Files\dotnet\;C:\apache-maven-3.9.4\bin;C:\Program Files\Java\jdk-20\bin;C:\Users\ri_an\AppData\Local\activestate\cache\bin;C:\Users\ri_an\AppData\Local\ActiveState\StateTool\release;C:\Users\ri_an\AppData\Local\Microsoft\WindowsApps;C:\xampp\php;C:\Users\ri_an\AppData\Local\ComposerSetup\bin;C:\Users\ri_an\AppData\Roaming\Composer\vendor\bin;C:\Users\ri_an\AppData\Roaming\npm;C:\Users\ri_an\AppData\Roaming\nvm;C:\Program Files\nodejs;C:\Program Files\heroku\bin;;."/>
    <property name="java.vm.info" value="mixed mode, sharing"/>
    <property name="stderr.encoding" value="Cp1252"/>
    <property name="java.vendor" value="Oracle Corporation"/>
    <property name="java.vm.version" value="20.0.2+9-78"/>
    <property name="sun.io.unicode.encoding" value="UnicodeLittle"/>
    <property name="java.class.version" value="64.0"/>
  </properties>
  <testcase name="testVerticalDirecto" classname="untref.dysac.fibo.EjecutableTest" time="0.019"/>
  <testcase name="testVerticalInversa" classname="untref.dysac.fibo.EjecutableTest" time="0.002"/>
  <testcase name="testFibonacci" classname="untref.dysac.fibo.EjecutableTest" time="0"/>
  <testcase name="testHorizontalDirect0" classname="untref.dysac.fibo.EjecutableTest" time="0.001"/>
  <testcase name="testHorizontalInversa" classname="untref.dysac.fibo.EjecutableTest" time="0.001"/>
</testsuite>